<?xml version="1.0" encoding="UTF-8"?>
<!-- Generated by org.testng.reporters.JUnitReportReporter -->
<testsuite hostname="AMALPURE2L" failures="0" tests="1" name="TC_002_POST_Request" time="1.959" errors="0" timestamp="7 Jun 2021 09:22:28 GMT">
  <testcase classname="TC_002_POST_Request" name="postCommentAPI" time="1.959"/>
</testsuite> <!-- TC_002_POST_Request -->
