<?xml version="1.0" encoding="UTF-8"?>
<!-- Generated by org.testng.reporters.JUnitReportReporter -->
<testsuite hostname="AMALPURE2L" failures="0" tests="1" name="TC_001_GET_Request" time="1.669" errors="0" timestamp="4 Jun 2021 04:30:18 GMT">
  <testcase classname="TC_001_GET_Request" name="getWeatherDetails" time="1.669"/>
</testsuite> <!-- TC_001_GET_Request -->
