<?xml version="1.0" encoding="UTF-8"?>
<!-- Generated by org.testng.reporters.JUnitReportReporter -->
<testsuite hostname="AMALPURE2L" failures="0" tests="1" name="TC_001_GET_Request" time="1.665" errors="0" timestamp="7 Jun 2021 07:48:42 GMT">
  <testcase classname="TC_001_GET_Request" name="getWeatherDetails" time="1.665"/>
</testsuite> <!-- TC_001_GET_Request -->
